<?xml version="1.0" encoding="UTF-8"?>
<testsuite xmlns:xsi="http://www.w3.org/2001/XMLSchema-instance" xsi:noNamespaceSchemaLocation="https://maven.apache.org/surefire/maven-failsafe-plugin/xsd/failsafe-test-report.xsd" name="Record a new trade" time="0.089" tests="3" errors="0" skipped="3" failures="0">
  <properties>
[...]
</properties>
  <testcase name="Each trade has a unique ID" classname="Record a new trade" time="0">
    <skipped message="The step &quot;the following trade:&quot; is undefined"/>
    <system-out><![CDATA[Feature: Check on application status
  The `/api/status` end point returns a status message to indicate that the application is running successfully.

  Scenario: Application status end-point                                      &amp#27;[90m# features/check_on_application_status.feature:5&amp#27;[0m
    &amp#27;[32mGiven &amp#27;[0m&amp#27;[32mthe application is running&amp#27;[0m                                          &amp#27;[90m# CheckAppStatus.the_application_is_running()&amp#27;[0m
    &amp#27;[32mWhen &amp#27;[0m&amp#27;[32mI check the application status&amp#27;[0m                                       &amp#27;[90m# CheckAppStatus.i_check_the_application_status()&amp#27;[0m
    &amp#27;[32mThen &amp#27;[0m&amp#27;[32mthe API should return &amp#27;[0m&amp#27;[32m&amp#27;[1m"Serenity REST Starter project up and running"&amp#27;[0m &amp#27;[90m# CheckAppStatus.the_API_should_return(String)&amp#27;[0m

Feature: Record a new trade

  @Manual @Manual:Passed
  Scenario: Each trade has a unique ID                            &amp#27;[90m# features/record_a_new_trade.feature:5&amp#27;[0m
    &amp#27;[33mGiven &amp#27;[0m&amp#27;[33mthe following trade:&amp#27;[0m                                    &amp#27;[90m# null&amp#27;[0m
    &amp#27;[33mWhen &amp#27;[0m&amp#27;[33mI record the trade&amp#27;[0m                                       &amp#27;[90m# null&amp#27;[0m
    &amp#27;[33mThen &amp#27;[0m&amp#27;[33mthe recorded trade should include the following details:&amp#27;[0m &amp#27;[90m# null&amp#27;[0m

&amp#27;[33mUndefined scenarios:&amp#27;[0m
&amp#27;[33mfeatures/record_a_new_trade.feature:5 &amp#27;[0m# Each trade has a unique ID

2 Scenarios (&amp#27;[33m1 undefined&amp#27;[0m, &amp#27;[32m1 passed&amp#27;[0m)
6 Steps (&amp#27;[33m3 undefined&amp#27;[0m, &amp#27;[32m3 passed&amp#27;[0m)
0m3,510s


You can implement missing steps with the snippets below:

@Given("the following trade:")
public void the_following_trade(io.cucumber.datatable.DataTable dataTable) {
    // Write code here that turns the phrase above into concrete actions
    // For automatic transformation, change DataTable to one of
    // E, List<E>, List<List<E>>, List<Map<K,V>>, Map<K,V> or
    // Map<K, List<V>>. E,K,V must be a String, Integer, Float,
    // Double, Byte, Short, Long, BigInteger or BigDecimal.
    //
    // For other transformations you can register a DataTableType.
    throw new cucumber.api.PendingException();
}

@When("I record the trade")
public void i_record_the_trade() {
    // Write code here that turns the phrase above into concrete actions
    throw new cucumber.api.PendingException();
}

@Then("the recorded trade should include the following details:")
public void the_recorded_trade_should_include_the_following_details(io.cucumber.datatable.DataTable dataTable) {
    // Write code here that turns the phrase above into concrete actions
    // For automatic transformation, change DataTable to one of
    // E, List<E>, List<List<E>>, List<Map<K,V>>, Map<K,V> or
    // Map<K, List<V>>. E,K,V must be a String, Integer, Float,
    // Double, Byte, Short, Long, BigInteger or BigDecimal.
    //
    // For other transformations you can register a DataTableType.
    throw new cucumber.api.PendingException();
}

]]></system-out>
  </testcase>
  <testcase name="Each trade has a unique ID" classname="Record a new trade" time="0">
    <skipped message="The step &quot;I record the trade&quot; is undefined"/>
  </testcase>
  <testcase name="Each trade has a unique ID" classname="Record a new trade" time="0">
    <skipped message="The step &quot;the recorded trade should include the following details:&quot; is undefined"/>
  </testcase>
</testsuite>